/prodi/bioinfdata/user/bioinf3/anaconda3/envs/vae/lib/python3.10/site-packages/torch/cuda/__init__.py:138: UserWarning: CUDA initialization: The NVIDIA driver on your system is too old (found version 11040). Please update your GPU driver by downloading and installing a new version from the URL: http://www.nvidia.com/Download/index.aspx Alternatively, go to: https://pytorch.org to install a PyTorch version that has been compiled with your version of the CUDA driver. (Triggered internally at ../c10/cuda/CUDAFunctions.cpp:108.)
  return torch._C._cuda_getDeviceCount() > 0

Loading BC051111:   0%|          | 0/20 [00:00<?, ?it/s]
Loading BC051111:   5%|▌         | 1/20 [00:00<00:05,  3.55it/s]
Loading BC051111:  10%|█         | 2/20 [00:00<00:05,  3.51it/s]
Loading BC051111:  15%|█▌        | 3/20 [00:00<00:04,  3.58it/s]
Loading BC051111:  20%|██        | 4/20 [00:01<00:04,  3.59it/s]
Loading BC051111:  25%|██▌       | 5/20 [00:01<00:04,  3.59it/s]
Loading BC051111:  30%|███       | 6/20 [00:01<00:03,  3.53it/s]
Loading BC051111:  35%|███▌      | 7/20 [00:02<00:03,  3.32it/s]
Loading BC051111:  40%|████      | 8/20 [00:02<00:03,  3.29it/s]
Loading BC051111:  45%|████▌     | 9/20 [00:02<00:03,  3.33it/s]
Loading BC051111:  50%|█████     | 10/20 [00:02<00:03,  3.16it/s]
Loading BC051111:  55%|█████▌    | 11/20 [00:03<00:02,  3.04it/s]
Loading BC051111:  60%|██████    | 12/20 [00:03<00:02,  3.04it/s]
Loading BC051111:  65%|██████▌   | 13/20 [00:04<00:02,  2.97it/s]
Loading BC051111:  70%|███████   | 14/20 [00:04<00:02,  2.99it/s]
Loading BC051111:  75%|███████▌  | 15/20 [00:04<00:01,  2.97it/s]
Loading BC051111:  80%|████████  | 16/20 [00:04<00:01,  3.08it/s]
Loading BC051111:  85%|████████▌ | 17/20 [00:05<00:01,  2.98it/s]
Loading BC051111:  90%|█████████ | 18/20 [00:05<00:00,  2.97it/s]
Loading BC051111:  95%|█████████▌| 19/20 [00:06<00:00,  2.86it/s]
Loading BC051111: 100%|██████████| 20/20 [00:06<00:00,  2.72it/s]
Loading BC051111: 100%|██████████| 20/20 [00:06<00:00,  3.09it/s]
number of samples in dataset:  1568711
shape of first sample:  torch.Size([442])
batch size:  100
number of batches in train loader:  15531
number of batches in test loader:  157

Epoch 1/100:   0%|          | 0/15531 [00:00<?, ?it/s]
Epoch 1/100 Loss: 30678.3418:   0%|          | 0/15531 [00:00<?, ?it/s

	Epoch 1 	Average Loss:  142.74102278631034
	Epoch 10 	Average Loss:  142.56387379526544
	Epoch 20 	Average Loss:  142.56264048599314
	Epoch 30 	Average Loss:  142.5585273140788
	Epoch 45 	Average Loss:  142.55865025946449
	Epoch 67 	Average Loss:  142.5579550822387
